models/grammar/digits.gram
models/grammar/menu.gram
models/hmm/en-us-semi/README
models/hmm/en-us-semi/feat.params
models/hmm/en-us-semi/mdef
models/hmm/en-us-semi/means
models/hmm/en-us-semi/noisedict
models/hmm/en-us-semi/sendump
models/hmm/en-us-semi/transition_matrices
models/hmm/en-us-semi/variances
models/dict/cmu07a.dic
models/dict/2654.dic
models/lm/2654.dmp
models/lm/weather.dmp
models/lm/6954.dmp
models/dict/6954.dic
models/lm/5578.dmp
models/lm/7788.dmp
models/dict/5578.dic
models/dict/7788.dic
models/dict/0211.dic
models/lm/0211.dmp
models/lm/3665.dmp
models/lm/6392.dmp

