models/grammar/digits.gram
models/grammar/menu.gram
models/hmm/en-us-semi/README
models/hmm/en-us-semi/feat.params
models/hmm/en-us-semi/mdef
models/hmm/en-us-semi/means
models/hmm/en-us-semi/noisedict
models/hmm/en-us-semi/sendump
models/hmm/en-us-semi/transition_matrices
models/hmm/en-us-semi/variances
models/lm/0945.dmp
models/dict/0945.dic
models/lm/3829.dmp
models/dict/3829.dic
models/dict/ger.dic
models/lm/fc.lm.dmp
models/phone/en-phone.dmp
models/dict/cmudict-en-us.dict
models/lm/1489.dmp
models/dict/1489.dic